<?xml version="1.0" encoding="UTF-8"?>
<!-- Generated by org.testng.reporters.JUnitReportReporter -->
<testsuite hostname="DESKTOP-ILR81RO" failures="0" tests="1" name="testCases.Login" time="14.479" errors="0" timestamp="2024-04-27T12:44:19 IST" skipped="0">
  <testcase classname="testCases.Login" name="loginApp" time="14.479"/>
  <system-out/>
</testsuite> <!-- testCases.Login -->
